Game 1: Just to show an empty board

  Manual 1:

    +----+----+----+----+----+----+----+----+----+----+----+----+----+----+----+----+----+----+
    +----+----+----+----+----+----+----+----+----+----+----+----+----+----+----+----+----+----+
    +----+----+----+----+----+----+----+----+----+----+----+----+----+----+----+----+----+----+
    +----+----+----@----+----+----+----+----+----@----+----+----+----+----+----@----+----+----+
    +----+----+----+----+----+----+----+----+----+----+----+----+----+----+----+----+----+----+
    +----+----+----+----+----+----+----+----+----+----+----+----+----+----+----+----+----+----+
    +----+----+----+----+----+----+----+----+----+----+----+----+----+----+----+----+----+----+
    +----+----+----+----+----+----+----+----+----+----+----+----+----+----+----+----+----+----+
    +----+----+----+----+----+----+----+----+----+----+----+----+----+----+----+----+----+----+
    +----+----+----@----+----+----+----+----+----@----+----+----+----+----+----@----+----+----+
    +----+----+----+----+----+----+----+----+----+----+----+----+----+----+----+----+----+----+
    +----+----+----+----+----+----+----+----+----+----+----+----+----+----+----+----+----+----+
    +----+----+----+----+----+----+----+----+----+----+----+----+----+----+----+----+----+----+
    +----+----+----+----+----+----+----+----+----+----+----+----+----+----+----+----+----+----+
    +----+----+----+----+----+----+----+----+----+----+----+----+----+----+----+----+----+----+
    +----+----+----@----+----+----+----+----+----@----+----+----+----+----+----@----+----+----+
    +----+----+----+----+----+----+----+----+----+----+----+----+----+----+----+----+----+----+
    +----+----+----+----+----+----+----+----+----+----+----+----+----+----+----+----+----+----+
    +----+----+----+----+----+----+----+----+----+----+----+----+----+----+----+----+----+----+

  The game ends after 0 move(s).

Game 2: << Chinese fuseki >>

  Manual 1:

    +----+----+----+----+----+----+----+----+----+----+----+----+----+----+----+----+----+----+
    +----+----+----+----+----+----+----+----+----+----+----+----+----+----+----+----+----+----+
    +----+----+----+----+----+----+----+----+----+----+----+----+----+----+----+----+----+----+
    +----+----+--(004)--+----+----+----+----+----@----+----+----+----+----+--[001]--+----+----+
    +----+----+----+----+----+----+----+----+----+----+----+----+----+----+----+----+----+----+
    +----+----+----+----+----+----+----+----+----+----+----+----+----+----+----+----+----+----+
    +----+----+----+----+----+----+----+----+----+----+----+----+----+----+----+----+----+----+
    +----+----+----+----+----+----+----+----+----+----+----+----+----+----+----+----+----+----+
    +----+----+----+----+----+----+----+----+----+----+----+----+----+----+----+----+----+----+
    +----+----+----@----+----+----+----+----+----@----+----+----+----+----+----@----+----+----+
    +----+----+----+----+----+----+----+----+----+----+----+----+----+----+----+----+----+----+
    +----+----+----+----+----+----+----+----+----+----+----+----+----+----+----+----+----+----+
    +----+----+----+----+----+----+----+----+----+----+----+----+----+----+----+----+----+----+
    +----+----+----+----+----+----+----+----+----+----+----+----+----+----+----+----+----+----+
    +----+----+----+----+----+----+----+----+----+----+----+----+----+----+----+----+----+----+
    +----+----+--(002)--+----+----+----+----+----@----+----+----+----+----+----@--[003]--+----+
    +----+----+----+--[005]--+----+----+----+----+----+----+----+----+----+----+----+----+----+
    +----+----+----+----+----+----+----+----+----+----+----+----+----+----+----+----+----+----+
    +----+----+----+----+----+----+----+----+----+----+----+----+----+----+----+----+----+----+

  The game ends after 5 move(s).

Game 3: A real game date back to 1902 where white wins in the middle

  Manual 1:

    +----+----+----+----+----+----+----+----+----+----+----+----+----+----+----+----+----+----+
    +----+----+----+----+----+----+----+----+----+----+----+----+----+----+----+----+----+----+
    +----+----+----+----+----+----+----+----+----+----+--(048)--+----+--(004)--+----+----+----+
    +----+----+--(002)--+----+----+----+----+----@----+----+----+----+----+----@--[001]--+----+
    +----+----+----+----+----+----+----+----+----+----+----+----+----+----+--[007]--+----+----+
    +----+----+----+----+----+----+--(100)--+----+----+----+----+----+----+----+----+----+----+
    +----+----+----+----+----+----+----+----+----+----+----+----+----+----+----+----+----+----+
    +----+----+----+----+----+----+----+----+----+----+----+--[047]--+----+----+----+----+----+
    +----+----+----+----+----+----+----+----+----+----+--(046)[045]--+----+----+----+----+----+
    +----+----+----@----+----+----+----+----+----@----+--(044)[043]--+----+----@----+----+----+
    +----+--[025]--+----+----+----+----+----+----+----+----+--(042)[039][035][033][009]--+----+
    +----+--(094)(092)--+--(096)--+----+----+----+----+----+--(040)(036)(034)(032)(038)(062)--+
    +----+----+----+----+----+----+----+----+----+----+----+----+----+----+--[087]--+----+--[083]
    +----+----+--(010)[017]--+--[063]--+--[097]--+----+--(090)[089]--+--[067](086)[041][065](082)
    +----+--[015][013](016)[019](020)--+----+--[099](058)--+--(050)[029]--+--[037](006)(064)[077]
    +----+--[005](012)[011](018)(024)--+--(052)(056)[049]--+--(028)[027]--+--[031][079](080)(078)
    +--(098)(022)(014)(008)--+----+--[051][055][057]--+--[053](054)(026)(030)[003]--+--(066)--+
    +----+----+----+----+--(060)[059]--+----+----+----+--[061][071](074)[073][069](084)(068)[081]
    +----+----+----+----+----+----+----+----+----+----+----+----+--(076)[075](072)(070)--+--[095]

     [021] = [011]     [023] = (016)     [085] = [077]     (088) = (082)     [091] = [077]
     [093] = (082)

  Manual 2:

    +----+----+----+----+----+----+----+----+----+----+----+----+----+----+----+----+----+----+
    +----+----+----+----+----+----+----+----+----+----+----+----+----+----+----+----+----+----+
    +----+----+----+----+----+----+----+----+----+----+--(***)--+----+--(***)--+----+----+----+
    +----+----+--(***)--+----+----+----+----+----@----+----+----+----+----+----@--[===]--+----+
    +----+----+----+----+----+----+----+----+----+----+----+----+----+----+--[===]--+----+----+
    +----+----+----+----+----+----+--(***)--+----+----+----+----+----+----+----+----+----+----+
    +----+----+----+----+----+----+----+----+----+--[157][133]--+----+----+----+----+----+----+
    +----+----+----+----+----+----+----+----+--(134)[139](122)[===]--+----+----+----+----+----+
    +----+----+----+----+----+----+--(160)(152)[121][145](***)[===]--+----+----+----+----+----+
    +----+----+----@----+----+----+--(158)[151](140)(146)(***)[===]--+----+----@----+----+----+
    +----+--[===]--+----+----+--(124)[111][159]--+--[109](110)(***)[===][===][===][===]--+----+
    +----+--(***)(***)--+--(***)[115](112)[113]--+----+----+--(***)(***)(***)(***)(***)(***)(130)
    +----+----+----+--(118)[117](116)(114)[119]--+--[103](108)(106)[105](154)[===]--+----+--[===]
    +----+----+--(***)[===](120)[===][125][===]--+--[101](***)[===](104)[===][149][===][===][===]
    +----+--[===][===][===][===](***)--+----+--[===](***)(102)(***)[===](148)[===](***)(***)[===]
    +----+--[===](***)[===](***)(***)--+--(***)(***)[===]--+--(***)[===](136)[===][===](***)(***)
    +--(***)(***)(***)(***)(128)[127][===][===][===]--+--[===](***)(***)(***)[===][131](***)(142)
    +----+----+----+----+--(***)[===]--+----+----+----+--[===][===](***)[===][===](***)(***)[155]
    +----+----+----+----+----+----+----+----+----+----+----+----+--(***)[===](***)(***)[137][143]

     [107] = (104)     [123] = [117]     (126) = (120)     [129] = [117]     (132) = (120)
     [135] = [117]     (138) = (120)     [141] = [117]     (144) = (120)     [147] = [117]
     (150) = (120)     [153] = [117]     (156) = (120)     [161] = [117]     (162) = [137]
     [163] = [143]     (164) = (120)

  The game ends after 164 move(s).

Game 4: another real game ^_^

  Manual 1:

    +----+----+----+----+----+----+----+----+----+----+----+----+----+----+----+----+----+----+
    +----+----+----+--[085]--+----+----+----+----+----+----+----+----+----+----+--(036)--+----+
    +--[089][081][083](084)(086)(016)--+----+----+----+--[015](034)--+----+----+--(030)[031]--+
    +--[087](082)(002)--+----+----+----+--(076)--@----+--[035]--+--(006)--+--(032)[001]--+----+
    +--(088)(090)--+----+----+----+----+----+----+----+----+----+----+----+----+--[033]--+----+
    +--(098)[079]--+----+----+----+----+--(072)--+----+----+--(078)--+----+--[007]--+----+----+
    +--[097](094)[099]--+--[075]--+----+----+--(068)(070)--+----+----+----+----+----+----+----+
    +--(092)[091][095]--+----+----+--[069][065](062)[055][071][029][027][023]--+----+----+----+
    +--(096)(038)[093][077]--+--[073](064)[063](066)[067](042)(028)(026)(022)[013][025]--+----+
    +----+----+----@----+----+----+--(074)(054)[053][049][047]--+----+----+--(024)--+----+----+
    +----+----+--(080)--+----+----+----+--(056)(052)(048)(046)[045][041](012)--+--[005]--+----+
    +----+----+----+----+----+----+----+----+----+----+--[043](044)[039][051](018)[019]--+----+
    +----+----+----+----+----+----+----+----+----+----+----+--(040)--+----+----+--[017]--+----+
    +----+----+----+----+----+----+----+----+----+----+----+----+----+--(020)--+----+----+----+
    +----+--(008)--+----+----+----+----+----+--(060)(058)--+--(050)--+----+--(010)(004)--+----+
    +----+----+----@----+----+----+----+--[061]--@--[059][021][057][011]--+----@--[009]--+----+
    +----+----+--(014)--+----+----+--[037]--+----+----+----+----+----+----+--[003]--+----+----+
    +----+----+----+----+----+----+----+----+----+----+----+----+----+----+----+----+----+----+
    +----+----+----+----+----+----+----+----+----+----+----+----+----+----+----+----+----+----+

     (100) = [073]

  Manual 2:

    +----+----+----+--[111](108)[107][155][119]--+----+----+----+----+----+----+----+----+----+
    +----+----+----+--[===][109](110)--+--(154)--+--[117]--+--(118)--+----+----+--(***)(106)--+
    +--[===][===][===](***)(***)(***)--+----+----+----+--[===](***)--+--[115]--+--(***)[177](140)
    +--[===](***)(***)--+----+----+----+--(***)--@----+--[===]--+--(***)(116)(***)[===](138)[163]
  [103](***)(***)--+--(104)--+----+----+----+----+----+----+----+----+----+----+--[===][139](160)
  [105](***)[===](170)--+----+----+----+--(***)--+----+----+--(***)--+----+--[===]--+--(162)[161]
  [101][===][171][===]--+--[===][151](188)--+--(***)(***)--+----+----+----+----+----+----+----+
    +--(***)[===][===]--+--[153](150)[===][===](***)[===][===][===][===][===]--+----+----+----+
    +--(***)(***)[===][===](152)[189](***)[===](***)[===](***)(***)(***)(***)[===][===]--+----+
    +----+----+--(102)[157]--+----+--(***)(***)[===][===][===]--+----+----+--(***)--+----+----+
    +----+----+--(***)[181]--+--(196)--+--(***)(***)(***)(***)[===][===](***)[165][===]--+----+
    +----+----+----+--(182)(130)--+--[187][193](194)--+--[===](***)[===][===](***)[===]--+--[185]
    +----+----+----+----+----+----+--[127]--+--(168)[167]--+--(***)[199](198)(164)[===][137](184)
    +----+----+----+----+--(158)[125]--+--[173](174)--+--[141][145][143](***)--+--(136)(134)--+
    +----+--(***)--+----+--(126)(120)[123](190)(***)(***)(142)(***)(144)--+--(***)(***)[131]--+
    +----+----+----@----+--(122)[121][191][===]--@--[===][===][===][===](112)--@--[===][135]--+
    +----+----+--(***)--+--(114)(156)[===][159][129]--+----+----+----+--[113][===]--+----+----+
    +----+----+----+----+----+----+--(124)(128)(132)[133][149]--+----+--[179]--+----+----+----+
    +----+----+----+----+----+----+----+--(148)[147](146)(176)--+--(178)--+----+----+----+----+

     (166) = (160)     [169] = [163]     (172) = (160)     [175] = [163]     (180) = (138)
     [183] = [177]     (186) = (138)     (192) = (150)     [195] = [189]     [197] = [177]
     (200) = (138)

  Manual 3:

    +----+----+----+--[===]--+--[===][===][===][255][215][245](246)--+----+----+----+----+----+
    +----+----+----+--[===][===](***)(214)(***)--+--[===](204)(***)--+----+----+--(***)(***)(234)
    +--[===][===][===](***)(***)(***)--+--(236)[235][205][===](***)(248)[===]--+--(***)[203](***)
    +--[===](***)(***)(224)--+----+----+--(***)(254)--+--[===][247](***)(***)(***)[===](206)[===]
  [===](***)(***)[223](***)(228)--+----+----+----+--(220)[251]--+----+--(258)(208)[===][===][207]
  [===](***)[===][265][221][227](226)--+--(***)--+----+--(252)(***)[249](256)[===][209](***)[===]
  [===][===][===][===]--+--[===][===](***)--+--(***)(***)(250)--+----+--[257]--+----+----+----+
  [201](***)[===][===]--+--[===](210)[===][===](***)[===][===][===][===][===]--+----+----+----+
  [217](***)(***)[===][===]--+--[213](***)[===](***)[===](***)(***)(***)(***)[===][===]--+----+
  (218)--+----+--(***)[===][229]--+--(***)(***)[===][===][===]--+----+----+--(***)--+----+----+
    +--(202)--+--(***)[===]--+--(***)--+--(***)(***)(***)(***)[===][===](***)[===][===]--+----+
    +----+----+----+--(***)(***)--+--[===][===](***)--+--[===](***)[===][===](***)[===]--+--[===]
    +----+----+----+--(260)[259][261][===]--+--(***)[===]--+--(***)[===](***)(***)[===][===](***)
    +----+----+----+----+--(***)[===]--+--[===](***)[263][===][===][===](***)--+--(***)(***)(230)
    +----+--(***)--+----+--(***)(***)[===](***)(***)(***)(***)(***)(***)(212)(***)(***)[===][253]
    +----+----+----@----+--(***)[===][===][===](262)[===][===][===][===](***)[211][===][===]--+
    +----+----+--(***)--+--(***)(***)[===][===][===]--+----+----+----+--[===][===]--+----+----+
    +----+----+----+----+--(238)[237](***)(***)(***)[===][===][231][241][===]--+----+----+----+
    +----+----+----+----+--(240)[239](242)(***)(244)(***)(***)(232)(***)[243]--+----+----+----+

     (216) = (210)     [219] = [213]     (222) = (210)     [225] = [213]     [233] = [203]
     (264) = (206)     (266) = [203]

  The game ends after 266 move(s).

Game 5: hat!!!

  Manual 1:

    +----+----+----+----+----+----+----+----+----+----+----+----+----+----+----+----+----+----+
    +----+----+----+----+----+----+----+----+----+----+----+----+----+----+----+----+----+----+
    +----+----+--[001][003]--+----+----+----+----+----+----+----+----+----+----+----+----+----+
    +----+--[005](002)--+----+----+----+----+----@----+----+----+----+----+--(004)--+----+----+
    +----+----+--[007]--+----+----+----+----+----+----+----+----+----+----+----+----+----+----+
    +----+----+----+----+----+----+----+----+----+----+----+----+----+----+----+----+----+----+
    +----+----+----+----+----+----+----+----+----+----+----+----+----+----+----+----+----+----+
    +----+----+----+----+----+----+----+----+----+----+----+----+----+----+----+----+----+----+
    +----+----+----+----+----+----+----+----+----+----+----+----+----+----+----+----+----+----+
    +----+----+----@----+----+----+----+----+----@----+----+----+----+----+----@----+----+----+
    +----+----+----+----+----+----+----+----+----+----+----+----+----+----+----+----+----+----+
    +----+----+----+----+----+----+----+----+----+----+----+----+----+----+----+----+----+----+
    +----+----+----+----+----+----+----+----+----+----+----+----+----+----+----+----+----+----+
    +----+----+----+----+----+----+----+----+----+----+----+----+----+----+----+----+----+----+
    +----+----+----+----+----+----+----+----+----+----+----+----+----+----+----+----+----+----+
    +----+----+--(006)--+----+----+----+----+----@----+----+----+----+----+----@----+----+----+
    +----+----+----+----+----+----+----+----+----+----+----+----+----+----+----+----+----+----+
    +----+----+----+----+----+----+----+----+----+----+----+----+----+----+----+----+----+----+
    +----+----+----+----+----+----+----+----+----+----+----+----+----+----+----+----+----+----+

  Manual 2:

    +----+----+----+----+----+----+----+----+----+----+----+----+----+----+----+----+----+----+
    +----+----+----+----+----+----+----+----+----+----+----+----+----+----+----+----+----+----+
    +----+----+--[===][===]--+----+----+----+----+----+----+----+----+----+----+----+----+----+
    +----+--[===](***)(008)[009]--+----+----+----@----+----+----+----+----+--(***)--+----+----+
    +----+----+--[===](010)(012)[013]--+----+----+----+----+----+----+----+----+----+----+----+
    +----+----+----+--[011](014)(016)[017]--+----+----+----+----+----+----+----+----+----+----+
    +----+----+----+----+--[015](018)(020)[021]--+----+----+----+----+----+----+----+----+----+
    +----+----+----+----+----+--[019](022)(024)[025]--+----+----+----+----+----+----+----+----+
    +----+----+----+----+----+----+--[023](026)(028)[029]--+----+----+----+----+----+----+----+
    +----+----+----@----+----+----+----+--[027](030)(032)[033]--+----+----+----@----+----+----+
    +----+----+----+----+----+----+----+----+--[031](034)(036)[037]--+----+----+----+----+----+
    +----+----+----+----+----+----+----+----+----+--[035](038)(040)[041]--+----+----+----+----+
    +----+----+----+----+----+----+----+----+----+----+--[039](042)(044)[045]--+----+----+----+
    +----+----+----+----+----+----+----+----+----+----+----+--[043](046)(048)[049]--+----+----+
    +----+----+----+----+----+----+----+----+----+----+----+----+--[047](050)(052)[053]--+----+
    +----+----+--(***)--+----+----+----+----+----@----+----+----+----+--[051](054)(056)[057]--+
    +----+----+----+----+----+----+----+----+----+----+----+----+----+----+--[055](058)(060)[061]
    +----+----+----+----+----+----+----+----+----+----+----+----+----+----+----+--[059](062)--+
    +----+----+----+----+----+----+----+----+----+----+----+----+----+----+----+----+--[063]--+

  Manual 3:

  [065]--+----+----+----+----+----+----+----+----+----+----+----+----+----+----+----+----+----+
    +----+----+----+----+----+----+----+----+----+----+----+----+----+----+----+----+----+----+
    +----+----+--[===][===]--+----+----+----+----+----+----+----+----+----+----+----+----+----+
    +----+--[===](***)(***)[===]--+----+----+----@----+----+----+----+----+--(***)--+----+----+
    +----+----+--[===](***)(***)[===]--+----+----+----+----+----+----+----+----+----+----+----+
    +----+----+----+--[===](***)(***)[===]--+----+----+----+----+----+----+----+----+----+----+
    +----+----+----+----+--[===](***)(***)[===]--+----+----+----+----+----+----+----+----+----+
    +----+----+----+----+----+--[===](***)(***)[===]--+----+----+----+----+----+----+----+----+
    +----+----+----+----+----+----+--[===](***)(***)[===]--+----+----+----+----+----+----+----+
    +----+----+----@----+----+----+----+--[===](***)(***)[===]--+----+----+----@----+----+----+
    +----+----+----+----+----+----+----+----+--[===](***)(***)[===]--+----+----+----+----+----+
    +----+----+----+----+----+----+----+----+----+--[===](***)(***)[===]--+----+----+----+----+
    +----+----+----+----+----+----+----+----+----+----+--[===](***)(***)[===]--+----+----+----+
    +----+----+----+----+----+----+----+----+----+----+----+--[===](***)(***)[===]--+----+----+
    +----+----+----+----+----+----+----+----+----+----+----+----+--[===](***)(***)[===]--+----+
    +----+----+--(***)--+----+----+----+----+----@----+----+----+----+--[===](***)(***)[===]--+
    +----+----+----+----+----+----+----+----+----+----+----+----+----+----+--[===](***)(***)[===]
    +----+----+----+----+----+----+----+----+----+----+----+----+----+----+----+--[===](***)(064)
    +----+----+----+----+----+----+----+----+----+----+----+----+----+----+----+----+--[===]--+

  Manual 4:

  [===]--+----+----+----+----+----+----+----+----+----+----+----+----+----+----+----+----+----+
    +----+----+----+----+----+----+----+----+----+----+----+----+----+----+----+----+----+----+
    +----+----+--[===][===]--+----+----+----+----+----+----+----+----+----+----+----+----+----+
    +----+--[===]--@----+--[===]--+----+----+----@----+----+----+----+----+--(***)--+----+----+
    +----+----+--[===]--+----+--[===]--+----+----+----+----+----+----+----+----+----+----+----+
    +----+----+----+--[===]--+----+--[===]--+----+----+----+----+----+----+----+----+----+----+
    +----+----+----+----+--[===]--+----+--[===]--+----+----+----+----+----+----+----+----+----+
    +----+----+----+----+----+--[===]--+----+--[===]--+----+----+----+----+----+----+----+----+
    +----+----+----+----+----+----+--[===]--+----+--[===]--+----+----+----+----+----+----+----+
    +----+----+----@----+----+----+----+--[===]--@----+--[===]--+----+----+----@----+----+----+
    +----+----+----+----+----+----+----+----+--[===]--+----+--[===]--+----+----+----+----+----+
    +----+----+----+----+----+----+----+----+----+--[===]--+----+--[===]--+----+----+----+----+
    +----+----+----+----+----+----+----+----+----+----+--[===]--+----+--[===]--+----+----+----+
    +----+----+----+----+----+----+----+----+----+----+----+--[===]--+----+--[===]--+----+----+
    +----+----+----+----+----+----+----+----+----+----+----+----+--[===]--+----+--[===]--+----+
    +----+----+--(***)--+----+----+----+----+----@----+----+----+----+--[===]--@----+--[===]--+
    +----+----+----+----+----+----+----+----+----+----+----+----+----+----+--[===]--+----+--[===]
    +----+----+----+----+----+----+----+----+----+----+----+----+----+----+----+--[===]--+----+
    +----+----+----+----+----+----+----+----+----+----+----+----+----+----+----+----+--[===](066)

  Manual 5:

  [===]--+----+----+----+----+----+----+----+----+----+----+----+----+----+----+----+----+----+
    +----+----+----+----+----+----+----+----+----+----+----+----+----+----+----+----+----+----+
    +----+----+--[===][===]--+----+----+----+----+----+----+----+----+----+----+----+----+----+
    +----+--[===]--@----+--[===]--+----+----+----@----+----+----+----+----+--(***)--+----+----+
    +----+----+--[===]--+----+--[===]--+----+----+----+----+----+----+----+----+----+----+----+
    +----+----+----+--[===]--+----+--[===]--+----+----+----+----+----+----+----+----+----+----+
    +----+----+----+----+--[===]--+----+--[===]--+----+----+----+----+----+----+----+----+----+
    +----+----+----+----+----+--[===]--+----+--[===]--+----+----+----+----+----+----+----+----+
    +----+----+----+----+----+----+--[===]--+----+--[===]--+----+----+----+----+----+----+----+
    +----+----+----@----+----+----+----+--[===]--@----+--[===]--+----+----+----@----+----+----+
    +----+----+----+----+----+----+----+----+--[===]--+----+--[===]--+----+----+----+----+----+
    +----+----+----+----+----+----+----+----+----+--[===]--+----+--[===]--+----+----+----+----+
    +----+----+----+----+----+----+----+----+----+----+--[===]--+----+--[===]--+----+----+----+
    +----+----+----+----+----+----+----+----+----+----+----+--[===]--+----+--[===]--+----+----+
    +----+----+----+----+----+----+----+----+----+----+----+----+--[===]--+----+--[===]--+----+
    +----+----+--(***)--+----+----+----+----+----@----+----+----+----+--[===]--@----+--[===]--+
    +----+----+----+----+----+----+----+----+----+----+----+----+----+----+--[===]--+----+--[===]
    +----+----+----+----+----+----+----+----+----+----+----+----+----+----+----+--[===][067]--+
    +----+----+----+----+----+----+----+----+----+----+----+----+----+----+----+----+--[===]--+

  The game ends after 67 move(s).

Game 6: Loop, Loop, and Looooooooooooooooooooooooooooooooooooooooop ...

  Manual 1:

    +----+----+----+----+----+----+----+----+----+----+----+----+----+----+----+----+----+----+
    +----+----+----+----+----+----+----+----+----+----+----+----+----+----+----+----+----+----+
    +----+----+----+----+----+----+----+----+----+----+----+----+----+----+----+----+----+----+
    +----+----+--[017]--+----+----+----+----+----@----+----+----+----+----+--[001]--+----+----+
    +----+----+----+----+----+----+----+----+----+----+----+----+----+--[009](004)[005]--+----+
    +----+----+----+----+----+----+----+----+----+----+----+----+----+--(012)[013](008)--+----+
    +----+----+----+----+----+----+----+----+----+----+----+----+----+----+--(016)--+----+----+
    +----+----+----+----+----+----+----+----+----+----+----+----+----+----+----+----+----+----+
    +----+----+----+----+----+----+----+----+----+----+----+----+----+----+----+----+----+----+
    +----+----+----@----+----+----+----+----+----@----+----+----+----+----+----@----+----+----+
    +----+----+----+----+----+----+----+----+----+----+----+----+----+----+----+----+----+----+
    +----+----+----+----+----+----+----+----+----+----+----+----+----+----+----+----+----+----+
    +----+----+----+----+----+----+----+----+----+----+----+----+----+----+----+----+----+----+
    +----+----+----+----+----+----+----+----+----+----+----+----+----+----+----+----+----+----+
    +----+----+----+--(010)[011]--+----+----+----+----+----+----+----+----+----+----+----+----+
    +----+----+--(002)[003](014)[015]--+----+----@----+----+----+----+----+--(018)--+----+----+
    +----+----+----+--(006)[007]--+----+----+----+----+----+----+----+----+----+----+----+----+
    +----+----+----+----+----+----+----+----+----+----+----+----+----+----+----+----+----+----+
    +----+----+----+----+----+----+----+----+----+----+----+----+----+----+----+----+----+----+

  Manual 2:

  [019](020)--+----+----+----+----+----+----+----+----+----+----+----+----+----+----+----+----+
  (022)[021]--+----+----+----+----+----+----+----+----+----+----+----+----+----+----+----+----+
  [023]--+----+----+----+----+----+----+----+----+----+----+----+----+----+----+----+----+----+
    +----+----+--[===]--+----+----+----+----+----@----+----+----+----+----+--[===]--+----+----+
    +----+----+----+----+----+----+----+----+----+----+----+----+----+--[===]--+--[===]--+----+
    +----+----+----+----+----+----+----+----+----+----+----+----+----+--(***)[===](***)--+----+
    +----+----+----+----+----+----+----+----+----+----+----+----+----+----+--(***)--+----+----+
    +----+----+----+----+----+----+----+----+----+----+----+----+----+----+----+----+----+----+
    +----+----+----+----+----+----+----+----+----+----+----+----+----+----+----+----+----+----+
    +----+----+----@----+----+----+----+----+----@----+----+----+----+----+----@----+----+----+
    +----+----+----+----+----+----+----+----+----+----+----+----+----+----+----+----+----+----+
    +----+----+----+----+----+----+----+----+----+----+----+----+----+----+----+----+----+----+
    +----+----+----+----+----+----+----+----+----+----+----+----+----+----+----+----+----+----+
    +----+----+----+----+----+----+----+----+----+----+----+----+----+----+----+----+----+----+
    +----+----+----+--(***)[===]--+----+----+----+----+----+----+----+----+----+----+----+----+
    +----+----+--(***)--+--(***)[===]--+----+----@----+----+----+----+----+--(***)--+----+----+
    +----+----+----+--(***)[===]--+----+----+----+----+----+----+----+----+----+--(024)--+----+
    +----+----+----+----+----+----+----+----+----+----+----+----+----+----+----+----+----+----+
    +----+----+----+----+----+----+----+----+----+----+----+----+----+----+----+----+----+----+

  Manual 3:

    +--(***)--+----+----+----+----+----+----+----+----+----+----+----+----+----+----+----+----+
  (***)[===]--+----+----+----+----+----+----+----+----+----+----+----+----+----+----+----+----+
  [===]--+----+----+----+----+----+----+----+----+----+----+----+----+----+----+----+----+----+
    +----+----+--[===]--+----+----+----+----+----@----+----+----+----+----+--[===]--+----+----+
    +----+----+----+----+----+----+----+----+----+----+----+----+----+--[===]--+--[===]--+----+
    +----+----+----+----+----+----+----+----+----+----+----+----+----+--(***)[===](***)--+----+
    +----+----+----+----+----+----+----+----+----+----+----+----+----+----+--(***)--+----+----+
    +----+----+----+----+----+----+----+----+----+----+----+----+----+----+----+----+----+----+
    +----+----+----+----+----+----+----+----+----+----+----+----+----+----+----+----+----+----+
    +----+----+----@----+----+----+----+----+----@----+----+----+----+----+----@----+----+----+
    +----+----+----+----+----+----+----+----+----+----+----+----+----+----+----+----+----+----+
    +----+----+----+----+----+----+----+----+----+----+----+----+----+----+----+----+----+----+
    +----+----+----+----+----+----+----+----+----+----+----+----+----+----+----+----+----+----+
    +----+----+----+----+----+----+----+----+----+----+----+----+----+----+----+----+----+----+
    +----+----+----+--(***)[===]--+----+----+----+----+----+----+----+----+----+----+----+----+
    +----+----+--(***)--+--(***)[===]--+----+----@----+----+----+----+----+--(***)--+----+----+
    +----+----+----+--(***)[===]--+----+----+----+----+----+----+----+----+----+--(***)--+----+
    +----+----+----+----+----+----+----+----+----+----+----+----+----+----+----+----+----+----+
    +----+----+----+----+----+----+----+----+----+----+----+----+----+----+----+----+----+----+

  Manual 4:

  [025](***)--+----+----+----+----+----+----+----+----+----+----+----+----+----+----+----+----+
  (028)[===]--+----+----+----+----+----+----+----+----+----+----+----+----+----+----+----+----+
  [===]--+----+----+----+----+----+----+----+----+----+----+----+----+----+----+----+----+----+
    +----+----+--[===]--+----+----+----+----+----@----+----+----+----+----+--[===]--+----+----+
    +----+----+----+----+----+----+----+----+----+----+----+----+----+--[===](026)[029]--+----+
    +----+----+----+----+----+----+----+----+----+----+----+----+----+--(***)--+--(***)--+----+
    +----+----+----+----+----+----+----+----+----+----+----+----+----+----+--(***)--+----+----+
    +----+----+----+----+----+----+----+----+----+----+----+----+----+----+----+----+----+----+
    +----+----+----+----+----+----+----+----+----+----+----+----+----+----+----+----+----+----+
    +----+----+----@----+----+----+----+----+----@----+----+----+----+----+----@----+----+----+
    +----+----+----+----+----+----+----+----+----+----+----+----+----+----+----+----+----+----+
    +----+----+----+----+----+----+----+----+----+----+----+----+----+----+----+----+----+----+
    +----+----+----+----+----+----+----+----+----+----+----+----+----+----+----+----+----+----+
    +----+----+----+----+----+----+----+----+----+----+----+----+----+----+----+----+----+----+
    +----+----+----+--(***)[===]--+----+----+----+----+----+----+----+----+----+----+----+----+
    +----+----+--(***)[027]--+--[===]--+----+----@----+----+----+----+----+--(***)--+----+----+
    +----+----+----+--(030)[===]--+----+----+----+----+----+----+----+----+----+--(***)--+----+
    +----+----+----+----+----+----+----+----+----+----+----+----+----+----+----+----+----+----+
    +----+----+----+----+----+----+----+----+----+----+----+----+----+----+----+----+----+----+

     [031] = [025]     (032) = (026)     [033] = [027]     (034) = (028)     [035] = [029]
     (036) = (030)     [037] = [025]     (038) = (026)     [039] = [027]     (040) = (028)
     [041] = [029]     (042) = (030)     [043] = [025]     (044) = (026)     [045] = [027]
     (046) = (028)     [047] = [029]     (048) = (030)     [049] = [025]     (050) = (026)
     [051] = [027]     (052) = (028)     [053] = [029]     (054) = (030)     [055] = [025]
     (056) = (026)     [057] = [027]     (058) = (028)     [059] = [029]     (060) = (030)
     [061] = [025]     (062) = (026)     [063] = [027]     (064) = (028)     [065] = [029]
     (066) = (030)     [067] = [025]     (068) = (026)     [069] = [027]     (070) = (028)
     [071] = [029]     (072) = (030)     [073] = [025]     (074) = (026)     [075] = [027]
     (076) = (028)     [077] = [029]     (078) = (030)     [079] = [025]     (080) = (026)
     [081] = [027]     (082) = (028)     [083] = [029]     (084) = (030)     [085] = [025]
     (086) = (026)     [087] = [027]     (088) = (028)     [089] = [029]     (090) = (030)
     [091] = [025]     (092) = (026)     [093] = [027]     (094) = (028)     [095] = [029]
     (096) = (030)     [097] = [025]     (098) = (026)     [099] = [027]     (100) = (028)
     [101] = [029]     (102) = (030)     [103] = [025]     (104) = (026)     [105] = [027]
     (106) = (028)     [107] = [029]     (108) = (030)     [109] = [025]     (110) = (026)
     [111] = [027]     (112) = (028)     [113] = [029]     (114) = (030)     [115] = [025]
     (116) = (026)     [117] = [027]     (118) = (028)     [119] = [029]     (120) = (030)
     [121] = [025]     (122) = (026)     [123] = [027]     (124) = (028)     [125] = [029]
     (126) = (030)     [127] = [025]     (128) = (026)     [129] = [027]     (130) = (028)
     [131] = [029]     (132) = (030)     [133] = [025]     (134) = (026)     [135] = [027]
     (136) = (028)     [137] = [029]     (138) = (030)     [139] = [025]     (140) = (026)
     [141] = [027]     (142) = (028)     [143] = [029]     (144) = (030)     [145] = [025]
     (146) = (026)     [147] = [027]     (148) = (028)     [149] = [029]     (150) = (030)
     [151] = [025]     (152) = (026)     [153] = [027]     (154) = (028)     [155] = [029]
     (156) = (030)     [157] = [025]     (158) = (026)     [159] = [027]     (160) = (028)
     [161] = [029]     (162) = (030)     [163] = [025]     (164) = (026)     [165] = [027]
     (166) = (028)     [167] = [029]     (168) = (030)     [169] = [025]     (170) = (026)
     [171] = [027]     (172) = (028)     [173] = [029]     (174) = (030)     [175] = [025]
     (176) = (026)     [177] = [027]     (178) = (028)     [179] = [029]     (180) = (030)
     [181] = [025]     (182) = (026)     [183] = [027]     (184) = (028)     [185] = [029]
     (186) = (030)     [187] = [025]     (188) = (026)     [189] = [027]     (190) = (028)
     [191] = [029]     (192) = (030)     [193] = [025]     (194) = (026)     [195] = [027]
     (196) = (028)     [197] = [029]     (198) = (030)     [199] = [025]     (200) = (026)
     [201] = [027]     (202) = (028)     [203] = [029]     (204) = (030)     [205] = [025]
     (206) = (026)     [207] = [027]     (208) = (028)     [209] = [029]     (210) = (030)
     [211] = [025]     (212) = (026)     [213] = [027]     (214) = (028)     [215] = [029]
     (216) = (030)     [217] = [025]     (218) = (026)     [219] = [027]     (220) = (028)
     [221] = [029]     (222) = (030)     [223] = [025]     (224) = (026)     [225] = [027]
     (226) = (028)     [227] = [029]     (228) = (030)     [229] = [025]     (230) = (026)
     [231] = [027]     (232) = (028)     [233] = [029]     (234) = (030)     [235] = [025]
     (236) = (026)     [237] = [027]     (238) = (028)     [239] = [029]     (240) = (030)
     [241] = [025]     (242) = (026)     [243] = [027]     (244) = (028)     [245] = [029]
     (246) = (030)     [247] = [025]     (248) = (026)     [249] = [027]     (250) = (028)
     [251] = [029]     (252) = (030)     [253] = [025]     (254) = (026)     [255] = [027]
     (256) = (028)     [257] = [029]     (258) = (030)     [259] = [025]     (260) = (026)
     [261] = [027]     (262) = (028)     [263] = [029]     (264) = (030)     [265] = [025]
     (266) = (026)     [267] = [027]     (268) = (028)     [269] = [029]     (270) = (030)
     [271] = [025]     (272) = (026)     [273] = [027]     (274) = (028)     [275] = [029]
     (276) = (030)     [277] = [025]     (278) = (026)     [279] = [027]     (280) = (028)
     [281] = [029]     (282) = (030)     [283] = [025]     (284) = (026)     [285] = [027]
     (286) = (028)     [287] = [029]     (288) = (030)     [289] = [025]     (290) = (026)
     [291] = [027]     (292) = (028)     [293] = [029]     (294) = (030)     [295] = [025]
     (296) = (026)     [297] = [027]     (298) = (028)     [299] = [029]     (300) = (030)
     [301] = [025]     (302) = (026)     [303] = [027]     (304) = (028)     [305] = [029]
     (306) = (030)     [307] = [025]     (308) = (026)     [309] = [027]     (310) = (028)
     [311] = [029]     (312) = (030)     [313] = [025]     (314) = (026)     [315] = [027]
     (316) = (028)     [317] = [029]     (318) = (030)     [319] = [025]     (320) = (026)
     [321] = [027]     (322) = (028)     [323] = [029]     (324) = (030)     [325] = [025]
     (326) = (026)     [327] = [027]     (328) = (028)     [329] = [029]     (330) = (030)
     [331] = [025]     (332) = (026)     [333] = [027]     (334) = (028)     [335] = [029]
     (336) = (030)     [337] = [025]     (338) = (026)     [339] = [027]     (340) = (028)
     [341] = [029]     (342) = (030)     [343] = [025]     (344) = (026)     [345] = [027]
     (346) = (028)     [347] = [029]     (348) = (030)     [349] = [025]     (350) = (026)
     [351] = [027]     (352) = (028)     [353] = [029]     (354) = (030)     [355] = [025]
     (356) = (026)     [357] = [027]     (358) = (028)     [359] = [029]     (360) = (030)
     [361] = [025]     (362) = (026)     [363] = [027]     (364) = (028)     [365] = [029]
     (366) = (030)     [367] = [025]     (368) = (026)     [369] = [027]     (370) = (028)
     [371] = [029]     (372) = (030)     [373] = [025]     (374) = (026)     [375] = [027]
     (376) = (028)     [377] = [029]     (378) = (030)     [379] = [025]     (380) = (026)
     [381] = [027]     (382) = (028)     [383] = [029]     (384) = (030)     [385] = [025]
     (386) = (026)     [387] = [027]     (388) = (028)     [389] = [029]     (390) = (030)
     [391] = [025]     (392) = (026)     [393] = [027]     (394) = (028)     [395] = [029]
     (396) = (030)     [397] = [025]     (398) = (026)     [399] = [027]     (400) = (028)
     [401] = [029]     (402) = (030)     [403] = [025]     (404) = (026)     [405] = [027]
     (406) = (028)     [407] = [029]     (408) = (030)     [409] = [025]     (410) = (026)
     [411] = [027]     (412) = (028)     [413] = [029]     (414) = (030)     [415] = [025]
     (416) = (026)     [417] = [027]     (418) = (028)     [419] = [029]     (420) = (030)
     [421] = [025]     (422) = (026)     [423] = [027]     (424) = (028)     [425] = [029]
     (426) = (030)     [427] = [025]     (428) = (026)     [429] = [027]     (430) = (028)
     [431] = [029]     (432) = (030)     [433] = [025]     (434) = (026)     [435] = [027]
     (436) = (028)     [437] = [029]     (438) = (030)     [439] = [025]     (440) = (026)
     [441] = [027]     (442) = (028)     [443] = [029]     (444) = (030)     [445] = [025]
     (446) = (026)     [447] = [027]     (448) = (028)     [449] = [029]     (450) = (030)
     [451] = [025]     (452) = (026)     [453] = [027]     (454) = (028)     [455] = [029]
     (456) = (030)     [457] = [025]     (458) = (026)     [459] = [027]     (460) = (028)
     [461] = [029]     (462) = (030)     [463] = [025]     (464) = (026)     [465] = [027]
     (466) = (028)     [467] = [029]     (468) = (030)     [469] = [025]     (470) = (026)
     [471] = [027]     (472) = (028)     [473] = [029]     (474) = (030)     [475] = [025]
     (476) = (026)     [477] = [027]     (478) = (028)     [479] = [029]     (480) = (030)
     [481] = [025]     (482) = (026)     [483] = [027]     (484) = (028)     [485] = [029]
     (486) = (030)     [487] = [025]     (488) = (026)     [489] = [027]     (490) = (028)
     [491] = [029]     (492) = (030)     [493] = [025]     (494) = (026)     [495] = [027]
     (496) = (028)     [497] = [029]     (498) = (030)     [499] = [025]     (500) = (026)
     [501] = [027]     (502) = (028)     [503] = [029]     (504) = (030)     [505] = [025]
     (506) = (026)     [507] = [027]     (508) = (028)     [509] = [029]     (510) = (030)
     [511] = [025]     (512) = (026)     [513] = [027]     (514) = (028)     [515] = [029]
     (516) = (030)     [517] = [025]     (518) = (026)     [519] = [027]     (520) = (028)
     [521] = [029]     (522) = (030)     [523] = [025]     (524) = (026)     [525] = [027]
     (526) = (028)     [527] = [029]     (528) = (030)     [529] = [025]     (530) = (026)
     [531] = [027]     (532) = (028)     [533] = [029]     (534) = (030)     [535] = [025]
     (536) = (026)     [537] = [027]     (538) = (028)     [539] = [029]     (540) = (030)
     [541] = [025]     (542) = (026)     [543] = [027]     (544) = (028)     [545] = [029]
     (546) = (030)     [547] = [025]     (548) = (026)     [549] = [027]     (550) = (028)
     [551] = [029]     (552) = (030)     [553] = [025]     (554) = (026)     [555] = [027]
     (556) = (028)     [557] = [029]     (558) = (030)     [559] = [025]     (560) = (026)
     [561] = [027]     (562) = (028)     [563] = [029]     (564) = (030)     [565] = [025]
     (566) = (026)     [567] = [027]     (568) = (028)     [569] = [029]     (570) = (030)
     [571] = [025]     (572) = (026)     [573] = [027]     (574) = (028)     [575] = [029]
     (576) = (030)     [577] = [025]     (578) = (026)     [579] = [027]     (580) = (028)
     [581] = [029]     (582) = (030)     [583] = [025]     (584) = (026)     [585] = [027]
     (586) = (028)     [587] = [029]     (588) = (030)     [589] = [025]     (590) = (026)
     [591] = [027]     (592) = (028)     [593] = [029]     (594) = (030)     [595] = [025]
     (596) = (026)     [597] = [027]     (598) = (028)     [599] = [029]     (600) = (030)
     [601] = [025]     (602) = (026)     [603] = [027]     (604) = (028)     [605] = [029]
     (606) = (030)     [607] = [025]     (608) = (026)     [609] = [027]     (610) = (028)
     [611] = [029]     (612) = (030)     [613] = [025]     (614) = (026)     [615] = [027]
     (616) = (028)     [617] = [029]     (618) = (030)     [619] = [025]     (620) = (026)
     [621] = [027]     (622) = (028)     [623] = [029]     (624) = (030)     [625] = [025]
     (626) = (026)     [627] = [027]     (628) = (028)     [629] = [029]     (630) = (030)
     [631] = [025]     (632) = (026)     [633] = [027]     (634) = (028)     [635] = [029]
     (636) = (030)     [637] = [025]     (638) = (026)     [639] = [027]     (640) = (028)
     [641] = [029]     (642) = (030)     [643] = [025]     (644) = (026)     [645] = [027]
     (646) = (028)     [647] = [029]     (648) = (030)     [649] = [025]     (650) = (026)
     [651] = [027]     (652) = (028)     [653] = [029]     (654) = (030)     [655] = [025]
     (656) = (026)     [657] = [027]     (658) = (028)     [659] = [029]     (660) = (030)
     [661] = [025]     (662) = (026)     [663] = [027]     (664) = (028)     [665] = [029]
     (666) = (030)     [667] = [025]     (668) = (026)     [669] = [027]     (670) = (028)
     [671] = [029]     (672) = (030)     [673] = [025]     (674) = (026)     [675] = [027]
     (676) = (028)     [677] = [029]     (678) = (030)     [679] = [025]     (680) = (026)
     [681] = [027]     (682) = (028)     [683] = [029]     (684) = (030)     [685] = [025]
     (686) = (026)     [687] = [027]     (688) = (028)     [689] = [029]     (690) = (030)
     [691] = [025]     (692) = (026)     [693] = [027]     (694) = (028)     [695] = [029]
     (696) = (030)     [697] = [025]     (698) = (026)     [699] = [027]     (700) = (028)
     [701] = [029]     (702) = (030)     [703] = [025]     (704) = (026)     [705] = [027]
     (706) = (028)     [707] = [029]     (708) = (030)     [709] = [025]     (710) = (026)
     [711] = [027]     (712) = (028)     [713] = [029]     (714) = (030)     [715] = [025]
     (716) = (026)     [717] = [027]     (718) = (028)     [719] = [029]     (720) = (030)
     [721] = [025]     (722) = (026)     [723] = [027]     (724) = (028)     [725] = [029]
     (726) = (030)     [727] = [025]     (728) = (026)     [729] = [027]     (730) = (028)
     [731] = [029]     (732) = (030)     [733] = [025]     (734) = (026)     [735] = [027]
     (736) = (028)     [737] = [029]     (738) = (030)     [739] = [025]     (740) = (026)
     [741] = [027]     (742) = (028)     [743] = [029]     (744) = (030)     [745] = [025]
     (746) = (026)     [747] = [027]     (748) = (028)     [749] = [029]     (750) = (030)
     [751] = [025]     (752) = (026)     [753] = [027]     (754) = (028)     [755] = [029]
     (756) = (030)     [757] = [025]     (758) = (026)     [759] = [027]     (760) = (028)
     [761] = [029]     (762) = (030)     [763] = [025]     (764) = (026)     [765] = [027]
     (766) = (028)     [767] = [029]     (768) = (030)     [769] = [025]     (770) = (026)
     [771] = [027]     (772) = (028)     [773] = [029]     (774) = (030)     [775] = [025]
     (776) = (026)     [777] = [027]     (778) = (028)     [779] = [029]     (780) = (030)
     [781] = [025]     (782) = (026)     [783] = [027]     (784) = (028)     [785] = [029]
     (786) = (030)     [787] = [025]     (788) = (026)     [789] = [027]     (790) = (028)
     [791] = [029]     (792) = (030)     [793] = [025]     (794) = (026)     [795] = [027]
     (796) = (028)     [797] = [029]     (798) = (030)     [799] = [025]     (800) = (026)
     [801] = [027]     (802) = (028)     [803] = [029]     (804) = (030)     [805] = [025]
     (806) = (026)     [807] = [027]     (808) = (028)     [809] = [029]     (810) = (030)
     [811] = [025]     (812) = (026)     [813] = [027]     (814) = (028)     [815] = [029]
     (816) = (030)     [817] = [025]     (818) = (026)     [819] = [027]     (820) = (028)
     [821] = [029]     (822) = (030)     [823] = [025]     (824) = (026)     [825] = [027]
     (826) = (028)     [827] = [029]     (828) = (030)     [829] = [025]     (830) = (026)
     [831] = [027]     (832) = (028)     [833] = [029]     (834) = (030)     [835] = [025]
     (836) = (026)     [837] = [027]     (838) = (028)     [839] = [029]     (840) = (030)
     [841] = [025]     (842) = (026)     [843] = [027]     (844) = (028)     [845] = [029]
     (846) = (030)     [847] = [025]     (848) = (026)     [849] = [027]     (850) = (028)
     [851] = [029]     (852) = (030)     [853] = [025]     (854) = (026)     [855] = [027]
     (856) = (028)     [857] = [029]     (858) = (030)     [859] = [025]     (860) = (026)
     [861] = [027]     (862) = (028)     [863] = [029]     (864) = (030)     [865] = [025]
     (866) = (026)     [867] = [027]     (868) = (028)     [869] = [029]     (870) = (030)
     [871] = [025]     (872) = (026)     [873] = [027]     (874) = (028)     [875] = [029]
     (876) = (030)     [877] = [025]     (878) = (026)     [879] = [027]     (880) = (028)
     [881] = [029]     (882) = (030)     [883] = [025]     (884) = (026)     [885] = [027]
     (886) = (028)     [887] = [029]     (888) = (030)     [889] = [025]     (890) = (026)
     [891] = [027]     (892) = (028)     [893] = [029]     (894) = (030)     [895] = [025]
     (896) = (026)     [897] = [027]     (898) = (028)     [899] = [029]     (900) = (030)
     [901] = [025]     (902) = (026)     [903] = [027]     (904) = (028)     [905] = [029]
     (906) = (030)     [907] = [025]     (908) = (026)     [909] = [027]     (910) = (028)
     [911] = [029]     (912) = (030)     [913] = [025]     (914) = (026)     [915] = [027]
     (916) = (028)     [917] = [029]     (918) = (030)     [919] = [025]     (920) = (026)
     [921] = [027]     (922) = (028)     [923] = [029]     (924) = (030)     [925] = [025]
     (926) = (026)     [927] = [027]     (928) = (028)     [929] = [029]     (930) = (030)
     [931] = [025]     (932) = (026)     [933] = [027]     (934) = (028)     [935] = [029]
     (936) = (030)     [937] = [025]     (938) = (026)     [939] = [027]     (940) = (028)
     [941] = [029]     (942) = (030)     [943] = [025]     (944) = (026)     [945] = [027]
     (946) = (028)     [947] = [029]     (948) = (030)     [949] = [025]     (950) = (026)
     [951] = [027]     (952) = (028)     [953] = [029]     (954) = (030)     [955] = [025]
     (956) = (026)     [957] = [027]     (958) = (028)     [959] = [029]     (960) = (030)
     [961] = [025]     (962) = (026)     [963] = [027]     (964) = (028)     [965] = [029]
     (966) = (030)     [967] = [025]     (968) = (026)     [969] = [027]     (970) = (028)
     [971] = [029]     (972) = (030)     [973] = [025]     (974) = (026)     [975] = [027]
     (976) = (028)     [977] = [029]     (978) = (030)     [979] = [025]     (980) = (026)
     [981] = [027]     (982) = (028)     [983] = [029]     (984) = (030)     [985] = [025]
     (986) = (026)     [987] = [027]     (988) = (028)     [989] = [029]     (990) = (030)
     [991] = [025]     (992) = (026)     [993] = [027]     (994) = (028)     [995] = [029]
     (996) = (030)     [997] = [025]     (998) = (026)     [999] = [027]

  Manual 5:

  [===](***)--+----+----+----+----+----+----+----+----+----+----+----+----+----+----+----+----+
    +--[===]--+----+----+----+----+----+----+----+----+----+----+----+----+----+----+----+----+
  [===]--+----+----+----+----+----+----+----+----+----+----+----+----+----+----+----+----+----+
    +----+----+--[===]--+----+----+----+----+----@----+----+----+----+----+--[===]--+----+----+
    +----+----+----+----+----+----+----+----+----+----+----+----+----+--[===](***)[===]--+----+
    +----+----+----+----+----+----+----+----+----+----+----+----+----+--(***)--+--(***)--+----+
    +----+----+----+----+----+----+----+----+----+----+----+----+----+----+--(***)--+----+----+
    +----+----+----+----+----+----+----+----+----+----+----+----+----+----+----+----+----+----+
    +----+----+----+----+----+----+----+----+----+----+----+----+----+----+----+----+----+----+
    +----+----+----@----+----+----+----+----+----@----+----+----+----+----+----@----+----+----+
    +----+----+----+----+----+----+----+----+----+----+----+----+----+----+----+----+----+----+
    +----+----+----+----+----+----+----+----+----+----+----+----+----+----+----+----+----+----+
    +----+----+----+----+----+----+----+----+----+----+----+----+----+----+----+----+----+----+
    +----+----+----+----+----+----+----+----+----+----+----+----+----+----+----+----+----+----+
    +----+----+----+--(***)[===]--+----+----+----+----+----+----+----+----+----+----+----+----+
    +----+----+--(***)[===]--+--[===]--+----+----@----+----+----+----+----+--(***)--+----+----+
    +----+----+----+--(***)[===]--+----+----+----+----+----+----+----+----+----+--(***)--+----+
    +----+----+----+----+----+----+----+----+----+----+----+----+----+----+----+----+----+----+
    +----+----+----+----+----+----+----+----+----+----+----+----+----+----+----+----+----+----+

  The game ends after 999 move(s).

