14
91
167
11 16 E
  1  1  1  1  1  1  1  1  1  1  1  1  2  2  2  2  3  3  3  3  3  3  3  3  3  3  3  3  4  4  4  4
  1  1  1  1  1  1  1  1  1  1  1  2  2  2  2  2  3  3  3  3  3  3  3  3  3  3  3  4  4  4  4  4
  1  1  1  1  1  1  1  1  1  1  2  2  2  2  2  2  3  3  3  3  3  3  3  3  3  3  4  4  4  4  4  4
  1  1  1  1  1  1  1  1  1  2  2  2  2  2  2  2  3  3  3  3  3  3  3  3  3  4  4  4  4  4  4  4
  1  1  1  1  1  1  1  1  2  2  2  2  2  2  2  2  3  3  3  3  3  3  3  3  4  4  4  4  4  4  4  4
  1  1  1  1  1  1  1  2  2  2  2  2  2  2  2  2  3  3  3  3  3  3  3  4  4  4  4  4  4  4  4  4
  1  1  1  1  1  1  2  2  2  2  2  2  2  2  2  2  3  3  3  3  3  3  4  4  4  4  4  4  4  4  4  4
  1  1  1  1  1  5  2  2  2  2  2  2  2  2  2  2  3  3  3  3  3  6  4  4  4  4  4  4  4  4  4  4
  1  1  1  1  5  5  5  2  2  2  2  2  2  2  2  2  3  3  3  3  6  6  6  4  4  4  4  4  4  4  4  4
  1  1  1  5  5  5  5  5  2  2  2  2  2  2  2  2  3  3  3  6  6  6  6  6  4  4  4  4  4  4  4  4
  1  5  5  5  5  5  5  5  5  2  2  2  2  2  2  2  3  6  6  6  6  6  6  6  6  4  4  4  4  4  4  4
  5  5  5  5  5  5  5  5  5  5  2  2  2  2  2  7  6  6  6  6  6  6  6  6  6  6  4  4  4  4  4  8
  5  5  5  5  5  5  5  5  5  5  5  2  2  2  7  7  6  6  6  6  6  6  6  6  6  6  6  4  4  4  8  8
  5  5  5  5  5  5  5  5  5  5  5  5  7  7  7  7  6  6  6  6  6  6  6  6  6  6  6  6  8  8  8  8
  5  5  5  5  5  5  5  5  5  5  5  7  7  7  7  7  6  6  6  6  6  6  6  6  6  6  6  8  8  8  8  8
  9  5  5  5  5  5  5  5  5  5  7  7  7  7  7  7 10  6  6  6  6  6  6  6  6  6  8  8  8  8  8  8
  9  9  5  5  5  5  5  5  5  7  7  7  7  7  7  7 10 10  6  6  6  6  6  6  6  8  8  8  8  8  8  8
  9  9  9  5  5  5  5  5  7  7  7  7  7  7  7  7 10 10 10  6  6  6  6  6  8  8  8  8  8  8  8  8
  9  9  9  9  5  5  5  9  9  7  7  7  7  7  7  7 10 10 10 10  6  6  6 10 10  8  8  8  8  8  8  8
  9  9  9  9  9  9  9  9  9  9  7  7  7  7  7  7 10 10 10 10 10 10 10 10 10 10  8  8  8  8  8  8
  9  9  9  9  9  9  9  9  9 11 11  7  7  7  7  7 10 10 10 10 10 10 10 10 10 12 12  8  8  8  8  8
  9  9  9  9  9  9  9  9 11 11 11 11  7  7  7  7 10 10 10 10 10 10 10 10 12 12 12 12  8  8  8  8
  9  9  9  9  9  9  9 11 11 11 11 11 11  7  7  7 10 10 10 10 10 10 10 12 12 12 12 12 12  8  8  8
  9  9  9  9  9  9 11 11 11 11 11 11 11 11 11  7 10 10 10 10 10 10 12 12 12 12 12 12 12 12 12  8
  9  9  9  9  9 11 11 11 11 11 11 11 11 11 11 11 10 10 10 10 10 12 12 12 12 12 12 12 12 12 12 12
  9  9  9  9 11 11 11 11 11 11 11 11 11 11 11 11 10 10 10 10 12 12 12 12 12 12 12 12 12 12 12 12
  9  9  9 13 11 11 11 11 11 11 11 11 11 11 11 13 10 10 10 14 12 12 12 12 12 12 12 12 12 12 12 14
  9 13 13 13 13 11 11 11 11 11 11 11 11 11 13 13 10 14 14 14 14 12 12 12 12 12 12 12 12 12 14 14
 13 13 13 13 13 13 11 11 11 11 11 11 11 13 13 13 14 14 14 14 14 14 12 12 12 12 12 12 12 14 14 14
 13 13 13 13 13 13 13 11 11 11 11 11 13 13 13 13 14 14 14 14 14 14 14 12 12 12 12 12 14 14 14 14
 13 13 13 13 13 13 13 13 11 11 11 13 13 13 13 13 14 14 14 14 14 14 14 14 12 12 12 14 14 14 14 14
 13 13 13 13 13 13 13 13 13 13 13 13 13 13 13 13 14 14 14 14 14 14 14 14 14 14 14 14 14 14 14 14
[1]=76
[2]=91
[3]=76
[4]=91
[5]=85
[6]=85
[7]=59
[8]=59
[9]=65
[10]=65
[11]=79
[12]=79
[13]=57
[14]=57
